-- Install configuration: ""
-- Up-to-date: /home/rumman/ros2_ws/install/first_urdf/share/first_urdf/urdf
-- Up-to-date: /home/rumman/ros2_ws/install/first_urdf/share/first_urdf/urdf/block.urdf
-- Up-to-date: /home/rumman/ros2_ws/install/first_urdf/share/first_urdf/launch
-- Installing: /home/rumman/ros2_ws/install/first_urdf/share/first_urdf/launch/display.launch.py
-- Up-to-date: /home/rumman/ros2_ws/install/first_urdf/share/ament_index/resource_index/package_run_dependencies/first_urdf
-- Up-to-date: /home/rumman/ros2_ws/install/first_urdf/share/ament_index/resource_index/parent_prefix_path/first_urdf
-- Up-to-date: /home/rumman/ros2_ws/install/first_urdf/share/first_urdf/environment/ament_prefix_path.sh
-- Up-to-date: /home/rumman/ros2_ws/install/first_urdf/share/first_urdf/environment/ament_prefix_path.dsv
-- Up-to-date: /home/rumman/ros2_ws/install/first_urdf/share/first_urdf/environment/path.sh
-- Up-to-date: /home/rumman/ros2_ws/install/first_urdf/share/first_urdf/environment/path.dsv
-- Up-to-date: /home/rumman/ros2_ws/install/first_urdf/share/first_urdf/local_setup.bash
-- Up-to-date: /home/rumman/ros2_ws/install/first_urdf/share/first_urdf/local_setup.sh
-- Up-to-date: /home/rumman/ros2_ws/install/first_urdf/share/first_urdf/local_setup.zsh
-- Up-to-date: /home/rumman/ros2_ws/install/first_urdf/share/first_urdf/local_setup.dsv
-- Installing: /home/rumman/ros2_ws/install/first_urdf/share/first_urdf/package.dsv
-- Up-to-date: /home/rumman/ros2_ws/install/first_urdf/share/ament_index/resource_index/packages/first_urdf
-- Up-to-date: /home/rumman/ros2_ws/install/first_urdf/share/first_urdf/cmake/first_urdfConfig.cmake
-- Up-to-date: /home/rumman/ros2_ws/install/first_urdf/share/first_urdf/cmake/first_urdfConfig-version.cmake
-- Up-to-date: /home/rumman/ros2_ws/install/first_urdf/share/first_urdf/package.xml
