-- Found ament_cmake: 1.3.14 (/opt/ros/humble/share/ament_cmake/cmake)
-- Found urdf: 2.6.1 (/opt/ros/humble/share/urdf/cmake)
-- Found xacro: 2.1.1 (/opt/ros/humble/share/xacro/cmake)
-- Found robot_state_publisher: 3.0.3 (/opt/ros/humble/share/robot_state_publisher/cmake)
-- Found rosidl_generator_c: 3.1.8 (/opt/ros/humble/share/rosidl_generator_c/cmake)
-- Found rosidl_adapter: 3.1.8 (/opt/ros/humble/share/rosidl_adapter/cmake)
-- Found rosidl_generator_cpp: 3.1.8 (/opt/ros/humble/share/rosidl_generator_cpp/cmake)
-- Using all available rosidl_typesupport_c: rosidl_typesupport_fastrtps_c;rosidl_typesupport_introspection_c
-- Using all available rosidl_typesupport_cpp: rosidl_typesupport_fastrtps_cpp;rosidl_typesupport_introspection_cpp
-- Found eigen3_cmake_module: 0.1.1 (/opt/ros/humble/share/eigen3_cmake_module/cmake)
-- Ensuring Eigen3 include directory is part of orocos-kdl CMake target
-- Found rmw_implementation_cmake: 6.1.2 (/opt/ros/humble/share/rmw_implementation_cmake/cmake)
-- Found rmw_fastrtps_cpp: 6.2.10 (/opt/ros/humble/share/rmw_fastrtps_cpp/cmake)
-- Found TinyXML2 via Config file: TinyXML2_DIR-NOTFOUND
-- Found TinyXML2 via Config file: TinyXML2_DIR-NOTFOUND
-- Found TinyXML2 via Config file: TinyXML2_DIR-NOTFOUND
-- Found TinyXML2 via Config file: TinyXML2_DIR-NOTFOUND
-- Using RMW implementation 'rmw_fastrtps_cpp' as default
-- Found rviz2: 11.2.26 (/opt/ros/humble/share/rviz2/cmake)
-- Found ament_lint_auto: 0.12.15 (/opt/ros/humble/share/ament_lint_auto/cmake)
-- Added test 'flake8' to check Python code syntax and style conventions
-- Added test 'lint_cmake' to check CMake code style
-- Added test 'pep257' to check Python code against some of the docstring style conventions in PEP 257
-- Added test 'xmllint' to check XML markup files
-- Configuring done
-- Generating done
-- Build files have been written to: /home/rumman/ros2_ws/build/first_urdf
-- Install configuration: ""
-- Up-to-date: /home/rumman/ros2_ws/install/first_urdf/share/first_urdf/urdf
-- Up-to-date: /home/rumman/ros2_ws/install/first_urdf/share/first_urdf/urdf/block.urdf
-- Up-to-date: /home/rumman/ros2_ws/install/first_urdf/share/first_urdf/launch
-- Installing: /home/rumman/ros2_ws/install/first_urdf/share/first_urdf/launch/display.launch.py
-- Installing: /home/rumman/ros2_ws/install/first_urdf/share/first_urdf/rviz
-- Installing: /home/rumman/ros2_ws/install/first_urdf/share/first_urdf/rviz/block_display.rviz
-- Up-to-date: /home/rumman/ros2_ws/install/first_urdf/share/ament_index/resource_index/package_run_dependencies/first_urdf
-- Up-to-date: /home/rumman/ros2_ws/install/first_urdf/share/ament_index/resource_index/parent_prefix_path/first_urdf
-- Up-to-date: /home/rumman/ros2_ws/install/first_urdf/share/first_urdf/environment/ament_prefix_path.sh
-- Installing: /home/rumman/ros2_ws/install/first_urdf/share/first_urdf/environment/ament_prefix_path.dsv
-- Up-to-date: /home/rumman/ros2_ws/install/first_urdf/share/first_urdf/environment/path.sh
-- Installing: /home/rumman/ros2_ws/install/first_urdf/share/first_urdf/environment/path.dsv
-- Up-to-date: /home/rumman/ros2_ws/install/first_urdf/share/first_urdf/local_setup.bash
-- Up-to-date: /home/rumman/ros2_ws/install/first_urdf/share/first_urdf/local_setup.sh
-- Up-to-date: /home/rumman/ros2_ws/install/first_urdf/share/first_urdf/local_setup.zsh
-- Installing: /home/rumman/ros2_ws/install/first_urdf/share/first_urdf/local_setup.dsv
-- Installing: /home/rumman/ros2_ws/install/first_urdf/share/first_urdf/package.dsv
-- Up-to-date: /home/rumman/ros2_ws/install/first_urdf/share/ament_index/resource_index/packages/first_urdf
-- Up-to-date: /home/rumman/ros2_ws/install/first_urdf/share/first_urdf/cmake/first_urdfConfig.cmake
-- Up-to-date: /home/rumman/ros2_ws/install/first_urdf/share/first_urdf/cmake/first_urdfConfig-version.cmake
-- Up-to-date: /home/rumman/ros2_ws/install/first_urdf/share/first_urdf/package.xml
