[0.016s] Invoking command in '/home/rumman/ros2_ws/build/first_urdf': CMAKE_PREFIX_PATH=${CMAKE_PREFIX_PATH}:/home/rumman/ros2_ws/install/talker_listener:/home/rumman/ros2_ws/install/add_integers:/opt/ros/humble /usr/bin/cmake --build /home/rumman/ros2_ws/build/first_urdf -- -j8 -l8
[0.057s] -- Found ament_cmake: 1.3.14 (/opt/ros/humble/share/ament_cmake/cmake)
[0.269s] -- Found urdf: 2.6.1 (/opt/ros/humble/share/urdf/cmake)
[1.633s] -- Found xacro: 2.1.1 (/opt/ros/humble/share/xacro/cmake)
[1.636s] -- Found robot_state_publisher: 3.0.3 (/opt/ros/humble/share/robot_state_publisher/cmake)
[1.691s] -- Found rosidl_generator_c: 3.1.8 (/opt/ros/humble/share/rosidl_generator_c/cmake)
[1.698s] -- Found rosidl_adapter: 3.1.8 (/opt/ros/humble/share/rosidl_adapter/cmake)
[1.715s] -- Found rosidl_generator_cpp: 3.1.8 (/opt/ros/humble/share/rosidl_generator_cpp/cmake)
[1.738s] -- Using all available rosidl_typesupport_c: rosidl_typesupport_fastrtps_c;rosidl_typesupport_introspection_c
[1.757s] -- Using all available rosidl_typesupport_cpp: rosidl_typesupport_fastrtps_cpp;rosidl_typesupport_introspection_cpp
[1.837s] -- Found eigen3_cmake_module: 0.1.1 (/opt/ros/humble/share/eigen3_cmake_module/cmake)
[1.839s] -- Ensuring Eigen3 include directory is part of orocos-kdl CMake target
[1.902s] -- Found rmw_implementation_cmake: 6.1.2 (/opt/ros/humble/share/rmw_implementation_cmake/cmake)
[1.907s] -- Found rmw_fastrtps_cpp: 6.2.10 (/opt/ros/humble/share/rmw_fastrtps_cpp/cmake)
[1.968s] -- Found TinyXML2 via Config file: TinyXML2_DIR-NOTFOUND
[1.985s] -- Found TinyXML2 via Config file: TinyXML2_DIR-NOTFOUND
[2.095s] -- Found TinyXML2 via Config file: TinyXML2_DIR-NOTFOUND
[2.104s] -- Found TinyXML2 via Config file: TinyXML2_DIR-NOTFOUND
[2.201s] -- Using RMW implementation 'rmw_fastrtps_cpp' as default
[2.492s] -- Found rviz2: 11.2.26 (/opt/ros/humble/share/rviz2/cmake)
[2.493s] -- Found ament_lint_auto: 0.12.15 (/opt/ros/humble/share/ament_lint_auto/cmake)
[2.586s] -- Added test 'flake8' to check Python code syntax and style conventions
[2.586s] -- Added test 'lint_cmake' to check CMake code style
[2.587s] -- Added test 'pep257' to check Python code against some of the docstring style conventions in PEP 257
[2.590s] -- Added test 'xmllint' to check XML markup files
[2.593s] -- Configuring done
[2.607s] -- Generating done
[2.614s] -- Build files have been written to: /home/rumman/ros2_ws/build/first_urdf
[2.642s] Invoked command in '/home/rumman/ros2_ws/build/first_urdf' returned '0': CMAKE_PREFIX_PATH=${CMAKE_PREFIX_PATH}:/home/rumman/ros2_ws/install/talker_listener:/home/rumman/ros2_ws/install/add_integers:/opt/ros/humble /usr/bin/cmake --build /home/rumman/ros2_ws/build/first_urdf -- -j8 -l8
[2.653s] Invoking command in '/home/rumman/ros2_ws/build/first_urdf': CMAKE_PREFIX_PATH=${CMAKE_PREFIX_PATH}:/home/rumman/ros2_ws/install/talker_listener:/home/rumman/ros2_ws/install/add_integers:/opt/ros/humble /usr/bin/cmake --install /home/rumman/ros2_ws/build/first_urdf
[2.661s] -- Install configuration: ""
[2.661s] -- Up-to-date: /home/rumman/ros2_ws/install/first_urdf/share/first_urdf/urdf
[2.661s] -- Up-to-date: /home/rumman/ros2_ws/install/first_urdf/share/first_urdf/urdf/block.urdf
[2.661s] -- Up-to-date: /home/rumman/ros2_ws/install/first_urdf/share/first_urdf/launch
[2.661s] -- Installing: /home/rumman/ros2_ws/install/first_urdf/share/first_urdf/launch/display.launch.py
[2.662s] -- Installing: /home/rumman/ros2_ws/install/first_urdf/share/first_urdf/rviz
[2.662s] -- Installing: /home/rumman/ros2_ws/install/first_urdf/share/first_urdf/rviz/block_display.rviz
[2.662s] -- Up-to-date: /home/rumman/ros2_ws/install/first_urdf/share/ament_index/resource_index/package_run_dependencies/first_urdf
[2.662s] -- Up-to-date: /home/rumman/ros2_ws/install/first_urdf/share/ament_index/resource_index/parent_prefix_path/first_urdf
[2.662s] -- Up-to-date: /home/rumman/ros2_ws/install/first_urdf/share/first_urdf/environment/ament_prefix_path.sh
[2.662s] -- Installing: /home/rumman/ros2_ws/install/first_urdf/share/first_urdf/environment/ament_prefix_path.dsv
[2.663s] -- Up-to-date: /home/rumman/ros2_ws/install/first_urdf/share/first_urdf/environment/path.sh
[2.663s] -- Installing: /home/rumman/ros2_ws/install/first_urdf/share/first_urdf/environment/path.dsv
[2.663s] -- Up-to-date: /home/rumman/ros2_ws/install/first_urdf/share/first_urdf/local_setup.bash
[2.663s] -- Up-to-date: /home/rumman/ros2_ws/install/first_urdf/share/first_urdf/local_setup.sh
[2.663s] -- Up-to-date: /home/rumman/ros2_ws/install/first_urdf/share/first_urdf/local_setup.zsh
[2.664s] -- Installing: /home/rumman/ros2_ws/install/first_urdf/share/first_urdf/local_setup.dsv
[2.664s] -- Installing: /home/rumman/ros2_ws/install/first_urdf/share/first_urdf/package.dsv
[2.664s] -- Up-to-date: /home/rumman/ros2_ws/install/first_urdf/share/ament_index/resource_index/packages/first_urdf
[2.664s] -- Up-to-date: /home/rumman/ros2_ws/install/first_urdf/share/first_urdf/cmake/first_urdfConfig.cmake
[2.664s] -- Up-to-date: /home/rumman/ros2_ws/install/first_urdf/share/first_urdf/cmake/first_urdfConfig-version.cmake
[2.664s] -- Up-to-date: /home/rumman/ros2_ws/install/first_urdf/share/first_urdf/package.xml
[2.666s] Invoked command in '/home/rumman/ros2_ws/build/first_urdf' returned '0': CMAKE_PREFIX_PATH=${CMAKE_PREFIX_PATH}:/home/rumman/ros2_ws/install/talker_listener:/home/rumman/ros2_ws/install/add_integers:/opt/ros/humble /usr/bin/cmake --install /home/rumman/ros2_ws/build/first_urdf
