[0.019s] Invoking command in '/home/rumman/ros2_ws/build/first_urdf': CMAKE_PREFIX_PATH=${CMAKE_PREFIX_PATH}:/home/rumman/ros2_ws/install/talker_listener:/home/rumman/ros2_ws/install/add_integers:/opt/ros/humble /usr/bin/cmake /home/rumman/ros2_ws/src/first_urdf -DCMAKE_INSTALL_PREFIX=/home/rumman/ros2_ws/install/first_urdf
[0.278s] -- The C compiler identification is GNU 11.4.0
[0.844s] -- The CXX compiler identification is GNU 11.4.0
[1.230s] -- Detecting C compiler ABI info
[1.391s] -- Detecting C compiler ABI info - done
[1.398s] -- Check for working C compiler: /usr/bin/cc - skipped
[1.398s] -- Detecting C compile features
[1.399s] -- Detecting C compile features - done
[1.403s] -- Detecting CXX compiler ABI info
[1.597s] -- Detecting CXX compiler ABI info - done
[1.605s] -- Check for working CXX compiler: /usr/bin/c++ - skipped
[1.605s] -- Detecting CXX compile features
[1.606s] -- Detecting CXX compile features - done
[1.620s] -- Found ament_cmake: 1.3.14 (/opt/ros/humble/share/ament_cmake/cmake)
[1.770s] -- Found Python3: /usr/bin/python3 (found version "3.10.12") found components: Interpreter 
[1.864s] -- Found urdf: 2.6.1 (/opt/ros/humble/share/urdf/cmake)
[3.413s] -- Found xacro: 2.1.1 (/opt/ros/humble/share/xacro/cmake)
[3.415s] -- Found robot_state_publisher: 3.0.3 (/opt/ros/humble/share/robot_state_publisher/cmake)
[3.445s] -- Found rosidl_generator_c: 3.1.8 (/opt/ros/humble/share/rosidl_generator_c/cmake)
[3.453s] -- Found rosidl_adapter: 3.1.8 (/opt/ros/humble/share/rosidl_adapter/cmake)
[3.461s] -- Found rosidl_generator_cpp: 3.1.8 (/opt/ros/humble/share/rosidl_generator_cpp/cmake)
[3.475s] -- Using all available rosidl_typesupport_c: rosidl_typesupport_fastrtps_c;rosidl_typesupport_introspection_c
[3.489s] -- Using all available rosidl_typesupport_cpp: rosidl_typesupport_fastrtps_cpp;rosidl_typesupport_introspection_cpp
[3.586s] -- Found eigen3_cmake_module: 0.1.1 (/opt/ros/humble/share/eigen3_cmake_module/cmake)
[3.587s] -- Found Eigen3: TRUE (found version "3.4.0") 
[3.587s] -- Ensuring Eigen3 include directory is part of orocos-kdl CMake target
[3.632s] -- Found rmw_implementation_cmake: 6.1.2 (/opt/ros/humble/share/rmw_implementation_cmake/cmake)
[3.635s] -- Found rmw_fastrtps_cpp: 6.2.10 (/opt/ros/humble/share/rmw_fastrtps_cpp/cmake)
[3.666s] -- Found TinyXML2 via Config file: TinyXML2_DIR-NOTFOUND
[3.727s] -- Found OpenSSL: /usr/lib/x86_64-linux-gnu/libcrypto.so (found version "3.0.2")  
[3.730s] -- Found TinyXML2 via Config file: TinyXML2_DIR-NOTFOUND
[3.910s] -- Found FastRTPS: /opt/ros/humble/include  
[3.913s] -- Found TinyXML2 via Config file: TinyXML2_DIR-NOTFOUND
[3.922s] -- Found TinyXML2 via Config file: TinyXML2_DIR-NOTFOUND
[4.017s] -- Using RMW implementation 'rmw_fastrtps_cpp' as default
[4.037s] -- Looking for pthread.h
[4.223s] -- Looking for pthread.h - found
[4.223s] -- Performing Test CMAKE_HAVE_LIBC_PTHREAD
[4.387s] -- Performing Test CMAKE_HAVE_LIBC_PTHREAD - Success
[4.388s] -- Found Threads: TRUE  
[4.564s] -- Found rviz2: 11.2.26 (/opt/ros/humble/share/rviz2/cmake)
[4.565s] -- Found ament_lint_auto: 0.12.15 (/opt/ros/humble/share/ament_lint_auto/cmake)
[4.666s] -- Added test 'flake8' to check Python code syntax and style conventions
[4.667s] -- Added test 'lint_cmake' to check CMake code style
[4.669s] -- Added test 'pep257' to check Python code against some of the docstring style conventions in PEP 257
[4.671s] -- Added test 'xmllint' to check XML markup files
[4.674s] -- Configuring done
[4.684s] -- Generating done
[4.687s] -- Build files have been written to: /home/rumman/ros2_ws/build/first_urdf
[4.697s] Invoked command in '/home/rumman/ros2_ws/build/first_urdf' returned '0': CMAKE_PREFIX_PATH=${CMAKE_PREFIX_PATH}:/home/rumman/ros2_ws/install/talker_listener:/home/rumman/ros2_ws/install/add_integers:/opt/ros/humble /usr/bin/cmake /home/rumman/ros2_ws/src/first_urdf -DCMAKE_INSTALL_PREFIX=/home/rumman/ros2_ws/install/first_urdf
[4.700s] Invoking command in '/home/rumman/ros2_ws/build/first_urdf': CMAKE_PREFIX_PATH=${CMAKE_PREFIX_PATH}:/home/rumman/ros2_ws/install/talker_listener:/home/rumman/ros2_ws/install/add_integers:/opt/ros/humble /usr/bin/cmake --build /home/rumman/ros2_ws/build/first_urdf -- -j8 -l8
[4.741s] Invoked command in '/home/rumman/ros2_ws/build/first_urdf' returned '0': CMAKE_PREFIX_PATH=${CMAKE_PREFIX_PATH}:/home/rumman/ros2_ws/install/talker_listener:/home/rumman/ros2_ws/install/add_integers:/opt/ros/humble /usr/bin/cmake --build /home/rumman/ros2_ws/build/first_urdf -- -j8 -l8
[4.752s] Invoking command in '/home/rumman/ros2_ws/build/first_urdf': CMAKE_PREFIX_PATH=${CMAKE_PREFIX_PATH}:/home/rumman/ros2_ws/install/talker_listener:/home/rumman/ros2_ws/install/add_integers:/opt/ros/humble /usr/bin/cmake --install /home/rumman/ros2_ws/build/first_urdf
[4.759s] -- Install configuration: ""
[4.759s] -- Installing: /home/rumman/ros2_ws/install/first_urdf/share/first_urdf/urdf
[4.760s] -- Installing: /home/rumman/ros2_ws/install/first_urdf/share/first_urdf/urdf/block.urdf
[4.760s] -- Installing: /home/rumman/ros2_ws/install/first_urdf/share/first_urdf/launch
[4.761s] -- Installing: /home/rumman/ros2_ws/install/first_urdf/share/first_urdf/launch/display.launch.py
[4.762s] -- Installing: /home/rumman/ros2_ws/install/first_urdf/share/ament_index/resource_index/package_run_dependencies/first_urdf
[4.762s] -- Installing: /home/rumman/ros2_ws/install/first_urdf/share/ament_index/resource_index/parent_prefix_path/first_urdf
[4.763s] -- Installing: /home/rumman/ros2_ws/install/first_urdf/share/first_urdf/environment/ament_prefix_path.sh
[4.763s] -- Installing: /home/rumman/ros2_ws/install/first_urdf/share/first_urdf/environment/ament_prefix_path.dsv
[4.763s] -- Installing: /home/rumman/ros2_ws/install/first_urdf/share/first_urdf/environment/path.sh
[4.764s] -- Installing: /home/rumman/ros2_ws/install/first_urdf/share/first_urdf/environment/path.dsv
[4.764s] -- Installing: /home/rumman/ros2_ws/install/first_urdf/share/first_urdf/local_setup.bash
[4.764s] -- Installing: /home/rumman/ros2_ws/install/first_urdf/share/first_urdf/local_setup.sh
[4.764s] -- Installing: /home/rumman/ros2_ws/install/first_urdf/share/first_urdf/local_setup.zsh
[4.764s] -- Installing: /home/rumman/ros2_ws/install/first_urdf/share/first_urdf/local_setup.dsv
[4.764s] -- Installing: /home/rumman/ros2_ws/install/first_urdf/share/first_urdf/package.dsv
[4.765s] -- Installing: /home/rumman/ros2_ws/install/first_urdf/share/ament_index/resource_index/packages/first_urdf
[4.765s] -- Installing: /home/rumman/ros2_ws/install/first_urdf/share/first_urdf/cmake/first_urdfConfig.cmake
[4.766s] -- Installing: /home/rumman/ros2_ws/install/first_urdf/share/first_urdf/cmake/first_urdfConfig-version.cmake
[4.766s] -- Installing: /home/rumman/ros2_ws/install/first_urdf/share/first_urdf/package.xml
[4.768s] Invoked command in '/home/rumman/ros2_ws/build/first_urdf' returned '0': CMAKE_PREFIX_PATH=${CMAKE_PREFIX_PATH}:/home/rumman/ros2_ws/install/talker_listener:/home/rumman/ros2_ws/install/add_integers:/opt/ros/humble /usr/bin/cmake --install /home/rumman/ros2_ws/build/first_urdf
